2025-12-01 04:51:25,634 - INFO - === 开始诊断状态不一致问题 ===
2025-12-01 04:51:25,637 - INFO - 状态文件内容: {
  "processed": [
    "hhd800.com@FC2-PPV-4464486_2_1764445789.mp4",
    "hhd800.com@FC2-PPV-4464486_2_1764445789_1764533870.mp4",
    "hhd800.com@FC2-PPV-4464486_2_1764445789_1764533870_1764534137.mp4",
    "hhd800.com@FC2-PPV-4082222_4.mp4",
    "hhd800.com@FC2-PPV-4464486_2_1764445789_1764533870_1764534137_1764534486.mp4"
  ],
  "processing": {}
}
2025-12-01 04:51:25,638 - INFO - 处理中文件数量: 0
2025-12-01 04:51:25,638 - INFO - 已处理文件数量: 5
2025-12-01 04:51:25,639 - INFO - 
=== 检查下载目录中的实际文件 ===
2025-12-01 04:51:25,640 - INFO - 下载目录中的视频文件: ['FC-1288053-5_1764445748.mp4']
2025-12-01 04:51:25,640 - INFO - ⚠️  文件 FC-1288053-5_1764445748.mp4 应该被处理但未被标记
2025-12-01 04:51:25,640 - INFO - 
=== 检查字幕目录中的文件 ===
2025-12-01 04:51:25,640 - INFO - 字幕目录中的文件: ['FC-1288053-5_1764445748.srt']
2025-12-01 04:51:25,641 - INFO - ⚠️  字幕文件 FC-1288053-5_1764445748.srt 存在，但视频 FC-1288053-5_1764445748.mp4 未被标记为已处理
2025-12-01 04:51:25,641 - INFO - === 诊断完成 ===
2025-12-01 04:51:25,641 - INFO - 
=== 检查状态管理器行为 ===
2025-12-01 04:51:25,665 - INFO - 状态管理器返回的处理中文件数量: 0
2025-12-01 04:51:25,665 - INFO - 状态管理器返回的处理中文件列表: []
2025-12-01 04:51:25,666 - INFO - 重新加载后处理中文件数量: 0
